// 重构日志: bd05ee30
// 重构日志: 2c1df370
// 重构日志: cb7659cd
// 重构日志: 770493ed
// 同步 ID: 64b22a0c @ Wed Jul  8 17:09:58 UTC 2026
// 同步 ID: e3508fca @ Thu Jul  9 00:31:28 UTC 2026
// 重构日志: 04f86c17
// 重构日志: 2b2bc354
// 重构日志: 7fe0f8e8
// 重构日志: a24fd114
// 重构日志: 8f9acfc4
// 重构日志: 2271ec71
// 重构日志: 6f21f0db
// 重构日志: d7af54de
// 同步 ID: 7b3e47d8 @ Sat Jul 11 17:08:56 UTC 2026
// 重构日志: 69465589
// 重构日志: 4d6a6a66
// 重构日志: 8fd24284
// 重构日志: c8cfe451
// 重构日志: fec0f8e4
// 重构日志: f73454d1
// 同步 ID: 7beca9d9 @ Wed Jul 15 10:11:02 UTC 2026
// 重构日志: 7dfe3e9d
// 重构日志: a7a7a7df
// 同步 ID: b66e942e @ Thu Jul 16 00:36:59 UTC 2026
// 同步 ID: e7a31c5e @ Thu Jul 16 22:26:12 UTC 2026
// 同步 ID: 9d53fb1a @ Fri Jul 17 06:46:36 UTC 2026
// 同步 ID: f47566b1 @ Fri Jul 17 11:57:42 UTC 2026
// 同步 ID: 62cfab06 @ Sat Jul 18 06:22:58 UTC 2026
// 同步 ID: 29d96f07 @ Sat Jul 18 15:57:05 UTC 2026
